This is pdfTeX, Version 3.141592653-2.6-1.40.24 (TeX Live 2022/Arch Linux) (preloaded format=pdflatex 2022.5.13)  27 JUN 2022 22:33
entering extended mode
 \write18 enabled.
 %&-line parsing enabled.
**\def{\ph}{0} \input{wave.tex}

! Emergency stop.
<inserted text> 
                \inaccessible 
<*> \def{
         \ph}{0} \input{wave.tex}
End of file on the terminal!

 
Here is how much of TeX's memory you used:
 13 strings out of 478238
 362 string characters out of 5850456
 289994 words of memory out of 5000000
 18355 multiletter control sequences out of 15000+600000
 469259 words of font info for 28 fonts, out of 8000000 for 9000
 1141 hyphenation exceptions out of 8191
 12i,0n,12p,60b,10s stack positions out of 5000i,500n,10000p,200000b,80000s
!  ==> Fatal error occurred, no output PDF file produced!
